<?xml version="1.0" encoding="UTF-8"?>
<!-- Generated by org.testng.reporters.JUnitXMLReporter -->
<testsuite hostname="RaghavendraS" ignored="0" name="Test" tests="5" failures="0" timestamp="05 Dec 2020 10:41:44 GMT" time="138.576" errors="0">
  <testcase name="testPostId3" time="3.609" classname="com.apiassidgment.tests.Test2"/>
  <testcase name="testPrintAllUsers" time="31.977" classname="com.apiassidgment.tests.PrintAllUsers"/>
  <testcase name="testUserId9" time="0.237" classname="com.apiassidgment.tests.Test1"/>
  <testcase name="testcleartrip" time="96.126" classname="com.seleniumassignment.tests.ClearTrip"/>
  <testcase name="testUserId9_two" time="0.286" classname="com.apiassidgment.tests.Test1"/>
</testsuite> <!-- Test -->
